0 info it worked if it ends with ok
1 verbose cli [ '/usr/local/bin/node', '/usr/local/bin/npm', 'start' ]
2 info using npm@3.10.10
3 info using node@v5.10.1
4 verbose run-script [ 'prestart', 'start', 'poststart' ]
5 info lifecycle geyulong-ui@0.0.1~prestart: geyulong-ui@0.0.1
6 silly lifecycle geyulong-ui@0.0.1~prestart: no script for prestart, continuing
7 info lifecycle geyulong-ui@0.0.1~start: geyulong-ui@0.0.1
8 verbose lifecycle geyulong-ui@0.0.1~start: unsafe-perm in lifecycle true
9 verbose lifecycle geyulong-ui@0.0.1~start: PATH: /usr/local/lib/node_modules/npm/bin/node-gyp-bin:/Users/yulong/Documents/githubProject/yulonggeGit/npms/ui/node_modules/.bin:/Users/yulong/bin:/usr/local/bin:/Library/Frameworks/Python.framework/Versions/3.5/bin:/usr/local/bin:/usr/bin:/bin:/usr/sbin:/sbin:/usr/local/git/bin:/Users/yulong/.rvm/bin
10 verbose lifecycle geyulong-ui@0.0.1~start: CWD: /Users/yulong/Documents/githubProject/yulonggeGit/npms/ui
11 silly lifecycle geyulong-ui@0.0.1~start: Args: [ '-c', 'webpack-dev-server --hot --inline' ]
12 silly lifecycle geyulong-ui@0.0.1~start: Returned: code: 1  signal: null
13 info lifecycle geyulong-ui@0.0.1~start: Failed to exec start script
14 verbose stack Error: geyulong-ui@0.0.1 start: `webpack-dev-server --hot --inline`
14 verbose stack Exit status 1
14 verbose stack     at EventEmitter.<anonymous> (/usr/local/lib/node_modules/npm/lib/utils/lifecycle.js:255:16)
14 verbose stack     at emitTwo (events.js:100:13)
14 verbose stack     at EventEmitter.emit (events.js:185:7)
14 verbose stack     at ChildProcess.<anonymous> (/usr/local/lib/node_modules/npm/lib/utils/spawn.js:40:14)
14 verbose stack     at emitTwo (events.js:100:13)
14 verbose stack     at ChildProcess.emit (events.js:185:7)
14 verbose stack     at maybeClose (internal/child_process.js:850:16)
14 verbose stack     at Process.ChildProcess._handle.onexit (internal/child_process.js:215:5)
15 verbose pkgid geyulong-ui@0.0.1
16 verbose cwd /Users/yulong/Documents/githubProject/yulonggeGit/npms/ui
17 error Darwin 16.4.0
18 error argv "/usr/local/bin/node" "/usr/local/bin/npm" "start"
19 error node v5.10.1
20 error npm  v3.10.10
21 error code ELIFECYCLE
22 error geyulong-ui@0.0.1 start: `webpack-dev-server --hot --inline`
22 error Exit status 1
23 error Failed at the geyulong-ui@0.0.1 start script 'webpack-dev-server --hot --inline'.
23 error Make sure you have the latest version of node.js and npm installed.
23 error If you do, this is most likely a problem with the geyulong-ui package,
23 error not with npm itself.
23 error Tell the author that this fails on your system:
23 error     webpack-dev-server --hot --inline
23 error You can get information on how to open an issue for this project with:
23 error     npm bugs geyulong-ui
23 error Or if that isn't available, you can get their info via:
23 error     npm owner ls geyulong-ui
23 error There is likely additional logging output above.
24 verbose exit [ 1, true ]
